<?xml version="1.0" encoding="UTF-8"?>
<!-- Generated by org.testng.reporters.JUnitXMLReporter -->
<testsuite ignored="4" hostname="LAPTOP-A31ORA8J" failures="0" tests="1" name="Default test" time="14.652" errors="0" timestamp="2023-03-14T16:10:43 PDT">
  <testcase classname="testCases.LoginTestCases" name="loginSuccessfully" time="3.395"/>
  <testcase classname="testCases.LoginTestCases" name="deleteNationality" time="0.0">
    <ignored/>
  </testcase> <!-- deleteNationality -->
  <testcase classname="testCases.LoginTestCases" name="randomTesting" time="0.0">
    <ignored/>
  </testcase> <!-- randomTesting -->
  <testcase classname="testCases.LoginTestCases" name="addNationality" time="0.0">
    <ignored/>
  </testcase> <!-- addNationality -->
  <testcase classname="testCases.LoginTestCases" name="testAdminSystemUserSearch" time="0.0">
    <ignored/>
  </testcase> <!-- testAdminSystemUserSearch -->
</testsuite> <!-- Default test -->
