<?xml version="1.0" encoding="UTF-8"?>
<!-- Generated by org.testng.reporters.JUnitXMLReporter -->
<testsuite ignored="5" hostname="LAPTOP-A31ORA8J" failures="1" tests="3" name="smokeTest" time="0.056" errors="0" timestamp="2023-04-04T19:14:56 PDT">
  <testcase classname="package1Test.GroupTestExample" name="testPrintAge" time="0.006"/>
  <testcase classname="package1Test.GroupTestExample" name="testPrintMessage" time="0.001"/>
  <testcase classname="package1Test.GroupTestExample" name="testPrintName" time="0.009">
    <failure type="java.lang.AssertionError" message="expected [true] but found [false]">
      <![CDATA[java.lang.AssertionError: expected [true] but found [false]
at package1Test.GroupTestExample.testPrintName(GroupTestExample.java:17)
at java.base/java.util.ArrayList.forEach(ArrayList.java:1511)
... Removed 31 stack frames]]>
    </failure>
  </testcase> <!-- testPrintName -->
  <testcase classname="package1Test.IgnoreTest" name="testPrint2" time="0.0">
    <ignored/>
  </testcase> <!-- testPrint2 -->
  <testcase classname="package1Test.IgnoreTest" name="testPrint" time="0.0">
    <ignored/>
  </testcase> <!-- testPrint -->
  <testcase classname="package1Test.testing1Practice" name="test1" time="0.0">
    <ignored/>
  </testcase> <!-- test1 -->
  <testcase classname="package1Test.GroupTestExample" name="testPrintAnything" time="0.0">
    <ignored/>
  </testcase> <!-- testPrintAnything -->
  <testcase classname="package1Test.testing1Practice" name="test2" time="0.0">
    <ignored/>
  </testcase> <!-- test2 -->
</testsuite> <!-- smokeTest -->
