<?xml version="1.0" encoding="UTF-8"?>
<!-- Generated by org.testng.reporters.JUnitXMLReporter -->
<testsuite ignored="6" hostname="LAPTOP-A31ORA8J" failures="1" tests="2" name="Test coming from package1Test" time="0.057" errors="0" timestamp="2023-02-23T16:44:26 PST">
  <testcase classname="package1Test.GroupTestExample" name="testPrintMessage" time="0.007"/>
  <testcase classname="package1Test.GroupTestExample" name="testPrintName" time="0.008">
    <failure type="java.lang.AssertionError" message="expected [true] but found [false]">
      <![CDATA[java.lang.AssertionError: expected [true] but found [false]
at package1Test.GroupTestExample.testPrintName(GroupTestExample.java:17)
at java.base/java.util.ArrayList.forEach(ArrayList.java:1511)
... Removed 31 stack frames]]>
    </failure>
  </testcase> <!-- testPrintName -->
  <testcase classname="package1Test.GroupTestExample" name="testPrintAnything" time="0.0">
    <ignored/>
  </testcase> <!-- testPrintAnything -->
  <testcase classname="package1Test.testing1Practice" name="test2" time="0.0">
    <ignored/>
  </testcase> <!-- test2 -->
  <testcase classname="package1Test.GroupTestExample" name="testPrintAge" time="0.0">
    <ignored/>
  </testcase> <!-- testPrintAge -->
  <testcase classname="package1Test.IgnoreTest" name="testPrint" time="0.0">
    <ignored/>
  </testcase> <!-- testPrint -->
  <testcase classname="package1Test.testing1Practice" name="test1" time="0.0">
    <ignored/>
  </testcase> <!-- test1 -->
  <testcase classname="package1Test.IgnoreTest" name="testPrint2" time="0.0">
    <ignored/>
  </testcase> <!-- testPrint2 -->
</testsuite> <!-- Test coming from package1Test -->
