<?xml version="1.0" encoding="UTF-8"?>
<testng-results ignored="0" total="1" passed="1" failed="0" skipped="0">
  <reporter-output>
  </reporter-output>
  <suite started-at="2023-04-04T19:15:27 PDT" name="Suite" finished-at="2023-04-04T19:15:28 PDT" duration-ms="45">
    <groups>
    </groups>
    <test started-at="2023-04-04T19:15:27 PDT" name="Test" finished-at="2023-04-04T19:15:28 PDT" duration-ms="45">
      <class name="package1Test.ParameterizedTest1">
        <test-method signature="paratmeterTest(java.lang.String)[pri:0, instance:package1Test.ParameterizedTest1@323b36e0]" started-at="2023-04-04T19:15:27 PDT" name="paratmeterTest" finished-at="2023-04-04T19:15:27 PDT" duration-ms="7" status="PASS">
          <params>
            <param index="0">
              <value>
                <![CDATA[Elzat]]>
              </value>
            </param>
          </params>
          <reporter-output>
          </reporter-output>
        </test-method> <!-- paratmeterTest -->
      </class> <!-- package1Test.ParameterizedTest1 -->
    </test> <!-- Test -->
  </suite> <!-- Suite -->
</testng-results>
